This is pdfTeX, Version 3.1415926-2.5-1.40.14 (TeX Live 2013/MacPorts 2013_5) (format=pdflatex 2014.2.25)  5 MAY 2014 22:28
entering extended mode
 restricted \write18 enabled.
 %&-line parsing enabled.
**userguide.tex
(./userguide.tex
LaTeX2e <2011/06/27>
Babel <3.9f> and hyphenation patterns for 43 languages loaded.
(./llncs.cls
Document Class: llncs 2013/09/27 v2.18 
 LaTeX document class for Lecture Notes in Computer Science
(/opt/local/share/texmf-texlive/tex/latex/base/article.cls
Document Class: article 2007/10/19 v1.4h Standard LaTeX document class
(/opt/local/share/texmf-texlive/tex/latex/base/size10.clo
File: size10.clo 2007/10/19 v1.4h Standard LaTeX file (size option)
)
\c@part=\count79
\c@section=\count80
\c@subsection=\count81
\c@subsubsection=\count82
\c@paragraph=\count83
\c@subparagraph=\count84
\c@figure=\count85
\c@table=\count86
\abovecaptionskip=\skip41
\belowcaptionskip=\skip42
\bibindent=\dimen102
)
(/opt/local/share/texmf-texlive/tex/latex/tools/multicol.sty
Package: multicol 2011/06/27 v1.7a multicolumn formatting (FMi)
\c@tracingmulticols=\count87
\mult@box=\box26
\multicol@leftmargin=\dimen103
\c@unbalance=\count88
\c@collectmore=\count89
\doublecol@number=\count90
\multicoltolerance=\count91
\multicolpretolerance=\count92
\full@width=\dimen104
\page@free=\dimen105
\premulticols=\dimen106
\postmulticols=\dimen107
\multicolsep=\skip43
\multicolbaselineskip=\skip44
\partial@page=\box27
\last@line=\box28
\mult@rightbox=\box29
\mult@grightbox=\box30
\mult@gfirstbox=\box31
\mult@firstbox=\box32
\@tempa=\box33
\@tempa=\box34
\@tempa=\box35
\@tempa=\box36
\@tempa=\box37
\@tempa=\box38
\@tempa=\box39
\@tempa=\box40
\@tempa=\box41
\@tempa=\box42
\@tempa=\box43
\@tempa=\box44
\@tempa=\box45
\@tempa=\box46
\@tempa=\box47
\@tempa=\box48
\@tempa=\box49
\c@columnbadness=\count93
\c@finalcolumnbadness=\count94
\last@try=\dimen108
\multicolovershoot=\dimen109
\multicolundershoot=\dimen110
\mult@nat@firstbox=\box50
\colbreak@box=\box51
\multicol@sort@counter=\count95
) (./aliascnt.sty
Package: aliascnt 2009/09/08 v1.3 Alias counter (HO)

(./remreset.sty))
\c@chapter=\count96
LaTeX Font Info:    Redeclaring math symbol \Gamma on input line 362.
LaTeX Font Info:    Redeclaring math symbol \Delta on input line 363.
LaTeX Font Info:    Redeclaring math symbol \Theta on input line 364.
LaTeX Font Info:    Redeclaring math symbol \Lambda on input line 365.
LaTeX Font Info:    Redeclaring math symbol \Xi on input line 366.
LaTeX Font Info:    Redeclaring math symbol \Pi on input line 367.
LaTeX Font Info:    Redeclaring math symbol \Sigma on input line 368.
LaTeX Font Info:    Redeclaring math symbol \Upsilon on input line 369.
LaTeX Font Info:    Redeclaring math symbol \Phi on input line 370.
LaTeX Font Info:    Redeclaring math symbol \Psi on input line 371.
LaTeX Font Info:    Redeclaring math symbol \Omega on input line 372.
\tocchpnum=\dimen111
\tocsecnum=\dimen112
\tocsectotal=\dimen113
\tocsubsecnum=\dimen114
\tocsubsectotal=\dimen115
\tocsubsubsecnum=\dimen116
\tocsubsubsectotal=\dimen117
\tocparanum=\dimen118
\tocparatotal=\dimen119
\tocsubparanum=\dimen120
\@tempcntc=\count97
\fnindent=\dimen121
\c@@inst=\count98
\c@@auth=\count99
\c@auco=\count100
\instindent=\dimen122
\authrun=\box52
\authorrunning=\toks14
\tocauthor=\toks15
\titrun=\box53
\titlerunning=\toks16
\toctitle=\toks17
\c@theorem=\count101
\c@case=\count102
\c@conjecture=\count103
\c@corollary=\count104
\c@definition=\count105
\c@example=\count106
\c@exercise=\count107
\c@lemma=\count108
\c@note=\count109
\c@problem=\count110
\c@property=\count111
\c@proposition=\count112
\c@question=\count113
\c@solution=\count114
\c@remark=\count115
\headlineindent=\dimen123
)
(/opt/local/share/texmf-texlive/tex/latex/graphics/epsfig.sty
Package: epsfig 1999/02/16 v1.7a (e)psfig emulation (SPQR)

(/opt/local/share/texmf-texlive/tex/latex/graphics/graphicx.sty
Package: graphicx 1999/02/16 v1.0f Enhanced LaTeX Graphics (DPC,SPQR)

(/opt/local/share/texmf-texlive/tex/latex/graphics/keyval.sty
Package: keyval 1999/03/16 v1.13 key=value parser (DPC)
\KV@toks@=\toks18
)
(/opt/local/share/texmf-texlive/tex/latex/graphics/graphics.sty
Package: graphics 2009/02/05 v1.0o Standard LaTeX Graphics (DPC,SPQR)

(/opt/local/share/texmf-texlive/tex/latex/graphics/trig.sty
Package: trig 1999/03/16 v1.09 sin cos tan (DPC)
)
(/opt/local/share/texmf-texlive/tex/latex/latexconfig/graphics.cfg
File: graphics.cfg 2010/04/23 v1.9 graphics configuration of TeX Live
)
Package graphics Info: Driver file: pdftex.def on input line 91.

(/opt/local/share/texmf-texlive/tex/latex/pdftex-def/pdftex.def
File: pdftex.def 2011/05/27 v0.06d Graphics/color for pdfTeX

(/opt/local/share/texmf-texlive/tex/generic/oberdiek/infwarerr.sty
Package: infwarerr 2010/04/08 v1.3 Providing info/warning/error messages (HO)
)
(/opt/local/share/texmf-texlive/tex/generic/oberdiek/ltxcmds.sty
Package: ltxcmds 2011/11/09 v1.22 LaTeX kernel commands for general use (HO)
)
\Gread@gobject=\count116
))
\Gin@req@height=\dimen124
\Gin@req@width=\dimen125
)
\epsfxsize=\dimen126
\epsfysize=\dimen127
)
(./noweb.sty
\nwmarginglue=\dimen128
\codehsize=\dimen129
\codemargin=\dimen130
\nwdefspace=\dimen131
\equivbox=\box54
LaTeX Font Info:    External font `cmex10' loaded for size
(Font)              <7> on input line 79.
LaTeX Font Info:    External font `cmex10' loaded for size
(Font)              <5> on input line 79.
\plusequivbox=\box55
\nwcodetopsep=\skip45
\nwcodepenalty=\count117
\nwbreakcodespace=\dimen132
\@original@textwidth=\dimen133
\nwcodecommentsep=\skip46
\@nwlopage=\count118
\@nwhipage=\count119
\@nwlosub=\count120
\@nwhisub=\count121
\@nwpagetemp=\count122
\@nwpagecount=\count123
\sub@page=\count124
\@nwalph@n=\count125
\nw@chunkcount=\count126
\@commacount=\count127
\nwix@counter=\count128
) (./userguide.aux)
\openout1 = `userguide.aux'.

LaTeX Font Info:    Checking defaults for OML/cmm/m/it on input line 6.
LaTeX Font Info:    ... okay on input line 6.
LaTeX Font Info:    Checking defaults for T1/cmr/m/n on input line 6.
LaTeX Font Info:    ... okay on input line 6.
LaTeX Font Info:    Checking defaults for OT1/cmr/m/n on input line 6.
LaTeX Font Info:    ... okay on input line 6.
LaTeX Font Info:    Checking defaults for OMS/cmsy/m/n on input line 6.
LaTeX Font Info:    ... okay on input line 6.
LaTeX Font Info:    Checking defaults for OMX/cmex/m/n on input line 6.
LaTeX Font Info:    ... okay on input line 6.
LaTeX Font Info:    Checking defaults for U/cmr/m/n on input line 6.
LaTeX Font Info:    ... okay on input line 6.

(/opt/local/share/texmf-texlive/tex/context/base/supp-pdf.mkii
[Loading MPS to PDF converter (version 2006.09.02).]
\scratchcounter=\count129
\scratchdimen=\dimen134
\scratchbox=\box56
\nofMPsegments=\count130
\nofMParguments=\count131
\everyMPshowfont=\toks19
\MPscratchCnt=\count132
\MPscratchDim=\dimen135
\MPnumerator=\count133
\makeMPintoPDFobject=\count134
\everyMPtoPDFconversion=\toks20
) (/opt/local/share/texmf-texlive/tex/generic/oberdiek/pdftexcmds.sty
Package: pdftexcmds 2011/11/29 v0.20 Utility functions of pdfTeX for LuaTeX (HO
)

(/opt/local/share/texmf-texlive/tex/generic/oberdiek/ifluatex.sty
Package: ifluatex 2010/03/01 v1.3 Provides the ifluatex switch (HO)
Package ifluatex Info: LuaTeX not detected.
)
(/opt/local/share/texmf-texlive/tex/generic/oberdiek/ifpdf.sty
Package: ifpdf 2011/01/30 v2.3 Provides the ifpdf switch (HO)
Package ifpdf Info: pdfTeX in PDF mode is detected.
)
Package pdftexcmds Info: LuaTeX not detected.
Package pdftexcmds Info: \pdf@primitive is available.
Package pdftexcmds Info: \pdf@ifprimitive is available.
Package pdftexcmds Info: \pdfdraftmode found.
)
(/opt/local/share/texmf-texlive/tex/latex/oberdiek/epstopdf-base.sty
Package: epstopdf-base 2010/02/09 v2.5 Base part for package epstopdf

(/opt/local/share/texmf-texlive/tex/latex/oberdiek/grfext.sty
Package: grfext 2010/08/19 v1.1 Manage graphics extensions (HO)

(/opt/local/share/texmf-texlive/tex/generic/oberdiek/kvdefinekeys.sty
Package: kvdefinekeys 2011/04/07 v1.3 Define keys (HO)
))
(/opt/local/share/texmf-texlive/tex/latex/oberdiek/kvoptions.sty
Package: kvoptions 2011/06/30 v3.11 Key value format for package options (HO)

(/opt/local/share/texmf-texlive/tex/generic/oberdiek/kvsetkeys.sty
Package: kvsetkeys 2012/04/25 v1.16 Key value parser (HO)

(/opt/local/share/texmf-texlive/tex/generic/oberdiek/etexcmds.sty
Package: etexcmds 2011/02/16 v1.5 Avoid name clashes with e-TeX commands (HO)
Package etexcmds Info: Could not find \expanded.
(etexcmds)             That can mean that you are not using pdfTeX 1.50 or
(etexcmds)             that some package has redefined \expanded.
(etexcmds)             In the latter case, load this package earlier.
)))
Package grfext Info: Graphics extension search list:
(grfext)             [.png,.pdf,.jpg,.mps,.jpeg,.jbig2,.jb2,.PNG,.PDF,.JPG,.JPE
G,.JBIG2,.JB2,.eps]
(grfext)             \AppendGraphicsExtensions on input line 452.

(/opt/local/share/texmf-texlive/tex/latex/latexconfig/epstopdf-sys.cfg
File: epstopdf-sys.cfg 2010/07/13 v1.3 Configuration of (r)epstopdf for TeX Liv
e
))
<logo.pdf, id=1, 374.44191pt x 334.4254pt>
File: logo.pdf Graphic file (type pdf)
 <use logo.pdf>
Package pdftex.def Info: logo.pdf used on input line 17.
(pdftex.def)             Requested size: 347.12354pt x 310.02754pt.
 [1

{/opt/local/var/db/texmf/fonts/map/pdftex/updmap/pdftex.map} <./logo.pdf>]
Overfull \hbox (3.84415pt too wide) in paragraph at lines 24--25
\OT1/cmr/m/n/9 de-fined)$\OMS/cmsy/m/n/10 i$ \OT1/cmr/m/n/10 and the L[]T[]Xsou
rces. Ev-ery-thing is build from the orig-i-nal \OT1/cmr/m/it/10 user-guide.nw\
OT1/cmr/m/n/10 . 
 []

[2]
LaTeX Font Info:    External font `cmex10' loaded for size
(Font)              <9> on input line 57.
LaTeX Font Info:    External font `cmex10' loaded for size
(Font)              <6> on input line 57.
 <screenshot_start.pdf, id=51, 375.57915pt x 221.30078pt>
File: screenshot_start.pdf Graphic file (type pdf)

<use screenshot_start.pdf>
Package pdftex.def Info: screenshot_start.pdf used on input line 82.
(pdftex.def)             Requested size: 347.12354pt x 204.54129pt.

<screenshot_loggedin.pdf, id=52, 375.57915pt x 221.30078pt>
File: screenshot_loggedin.pdf Graphic file (type pdf)

<use screenshot_loggedin.pdf>
Package pdftex.def Info: screenshot_loggedin.pdf used on input line 92.
(pdftex.def)             Requested size: 347.12354pt x 204.54129pt.

<running_brew.png, id=53, 1027.84pt x 737.75626pt>
File: running_brew.png Graphic file (type png)
 <use running_brew.png>
Package pdftex.def Info: running_brew.png used on input line 106.
(pdftex.def)             Requested size: 347.12354pt x 249.15648pt.

[3] [4 <./screenshot_start.pdf> <./screenshot_loggedin.pdf>] [5 <./running_brew
.png>] <architecture_fin.pdf, id=134, 375.57915pt x 262.32605pt>
File: architecture_fin.pdf Graphic file (type pdf)

<use architecture_fin.pdf>
Package pdftex.def Info: architecture_fin.pdf used on input line 145.
(pdftex.def)             Requested size: 347.12354pt x 242.45966pt.
 [6] [7 <./architecture_fin.pdf>]
Overfull \hbox (25.68579pt too wide) in paragraph at lines 175--176
\OT1/cmr/m/n/10 ing method. This will map ev-ery re-quest to the URI \OT1/cmr/m
/it/10 http://mydomain/secu/search.secu
 []

[8

] [9]
LaTeX Font Info:    Try loading font information for OMS+cmr on input line 247.

 (/opt/local/share/texmf-texlive/tex/latex/base/omscmr.fd
File: omscmr.fd 1999/05/25 v2.5h Standard LaTeX font definitions
)
LaTeX Font Info:    Font shape `OMS/cmr/m/it' in size <10> not available
(Font)              Font shape `OMS/cmsy/m/n' tried instead on input line 247.
 [10] [11]
[12] [13] [14] [15] [16] [17]
Overfull \hbox (47.24959pt too wide) in paragraph at lines 499--499
 [] \OT1/cmtt/m/n/10 *  *                                        __          __
__                                     __[]  
 []


Overfull \hbox (62.99945pt too wide) in paragraph at lines 500--500
 [] \OT1/cmtt/m/n/10 *  *     /'\_/`\                 __        /\ \        /\ 
 _`\                                __/\ \__[]  
 []


Overfull \hbox (110.24904pt too wide) in paragraph at lines 501--501
 [] \OT1/cmtt/m/n/10 *  *    /\      \  __  __   ___ /\_\    ___\ \ \___    \ \
,\L\_\     __    ___  __  __  _ __ /\_\ \ ,_\  __  __[]  
 []


Overfull \hbox (115.499pt too wide) in paragraph at lines 502--502
 [] \OT1/cmtt/m/n/10 *  *    \ \ \__\ \/\ \/\ \/' _ `\/\ \  /'___\ \  _ `\   \/
_\__ \   /'__`\ /'___\\ \/\ \/\`'__\/\ \ \ \/ /\ \/\ \[]  
 []


Overfull \hbox (120.74895pt too wide) in paragraph at lines 503--503
 [] \OT1/cmtt/m/n/10 *  *     \ \ \_/\ \ \ \_\ \\ \/\ \ \ \/\ \__/\ \ \ \ \    
/\ \L\ \/\  __//\ \__/ \ \_\ \ \ \/ \ \ \ \ \_\ \ \_\ \[]  
 []


Overfull \hbox (125.9989pt too wide) in paragraph at lines 504--504
 [] \OT1/cmtt/m/n/10 *  *      \ \_\\ \_\ \____/ \_\ \_\ \_\ \____\\ \_\ \_\   
\ `\____\ \____\ \____\ \____/\ \_\  \ \_\ \__\\/`____ \[]  
 []


Overfull \hbox (131.24886pt too wide) in paragraph at lines 505--505
 [] \OT1/cmtt/m/n/10 *  *       \/_/ \/_/\/___/ \/_/\/_/\/_/\/____/ \/_/\/_/   
 \/_____/\/____/\/____/\/___/  \/_/   \/_/\/__/ `/___/> \[]  
 []


Overfull \hbox (131.24886pt too wide) in paragraph at lines 506--506
 [] \OT1/cmtt/m/n/10 *  *                                                      
                                                   /\___/[]  
 []


Overfull \hbox (125.9989pt too wide) in paragraph at lines 507--507
 [] \OT1/cmtt/m/n/10 *  *                                                      
                                                   \/__/[]  
 []


Overfull \hbox (89.24922pt too wide) in paragraph at lines 511--511
 [] \OT1/cmtt/m/n/10 *  *    \ \ \L\ \     __    ____    __     __     _ __  __
_\ \ \___    \ \ \L\_\  _ __  ___   __  __  _____[]  
 []


Overfull \hbox (99.74913pt too wide) in paragraph at lines 512--512
 [] \OT1/cmtt/m/n/10 *  *     \ \ ,  /   /'__`\ /',__\ /'__`\ /'__`\  /\`'__\'_
__\ \  _ `\   \ \ \L_L /\`'__\ __`\/\ \/\ \/\ '__`\[]  
 []


Overfull \hbox (104.99908pt too wide) in paragraph at lines 513--513
 [] \OT1/cmtt/m/n/10 *  *      \ \ \\ \ /\  __//\__, `\\  __//\ \L\.\_\ \ \/\ \
__/\ \ \ \ \   \ \ \/, \ \ \/\ \L\ \ \ \_\ \ \ \L\ \[]  
 []


Overfull \hbox (104.99908pt too wide) in paragraph at lines 514--514
 [] \OT1/cmtt/m/n/10 *  *       \ \_\ \_\ \____\/\____/ \____\ \__/.\_\\ \_\ \_
___\\ \_\ \_\   \ \____/\ \_\ \____/\ \____/\ \ ,__/[]  
 []


Overfull \hbox (99.74913pt too wide) in paragraph at lines 515--515
 [] \OT1/cmtt/m/n/10 *  *        \/_/\/ /\/____/\/___/ \/____/\/__/\/_/ \/_/\/_
___/ \/_/\/_/    \/___/  \/_/\/___/  \/___/  \ \ \/[]  
 []


Overfull \hbox (99.74913pt too wide) in paragraph at lines 516--516
 [] \OT1/cmtt/m/n/10 *  *                                                      
                                              \ \_\[]  
 []


Overfull \hbox (425.24629pt too wide) in paragraph at lines 530--530
 [] \OT1/cmtt/m/n/10 *  *    along with BREW.  If not, see <http://www.gnu.org/
licenses/>.                                                                    
                              \/_/[]  
 []

[18]
Overfull \hbox (52.49954pt too wide) in paragraph at lines 556--556
 []    \OT1/cmtt/m/n/10 public static void main(String[] args) throws ServletEx
ception, LifecycleException, IOException {[]  
 []

[19] (./userguide.aux) ) 
Here is how much of TeX's memory you used:
 2295 strings out of 494227
 31341 string characters out of 6157704
 118078 words of memory out of 5000000
 5557 multiletter control sequences out of 15000+600000
 8668 words of font info for 31 fonts, out of 8000000 for 9000
 430 hyphenation exceptions out of 8191
 38i,7n,23p,1003b,279s stack positions out of 5000i,500n,10000p,200000b,80000s
</opt/local/share/texmf-texlive/fonts/type1/public/amsf
onts/cm/cmbx10.pfb></opt/local/share/texmf-texlive/fonts/type1/public/amsfonts/
cm/cmbx12.pfb></opt/local/share/texmf-texlive/fonts/type1/public/amsfonts/cm/cm
bx9.pfb></opt/local/share/texmf-texlive/fonts/type1/public/amsfonts/cm/cmmi10.p
fb></opt/local/share/texmf-texlive/fonts/type1/public/amsfonts/cm/cmr10.pfb></o
pt/local/share/texmf-texlive/fonts/type1/public/amsfonts/cm/cmr7.pfb></opt/loca
l/share/texmf-texlive/fonts/type1/public/amsfonts/cm/cmr9.pfb></opt/local/share
/texmf-texlive/fonts/type1/public/amsfonts/cm/cmsl10.pfb></opt/local/share/texm
f-texlive/fonts/type1/public/amsfonts/cm/cmsy10.pfb></opt/local/share/texmf-tex
live/fonts/type1/public/amsfonts/cm/cmti10.pfb></opt/local/share/texmf-texlive/
fonts/type1/public/amsfonts/cm/cmtt10.pfb>
Output written on userguide.pdf (19 pages, 2877777 bytes).
PDF statistics:
 227 PDF objects out of 1000 (max. 8388607)
 107 compressed objects within 2 object streams
 0 named destinations out of 1000 (max. 500000)
 26 words of extra memory for PDF output out of 10000 (max. 10000000)

